[0.376s] Invoking command in '/home/aeluro/training_ws/src/build/rj_training_bringup': CMAKE_PREFIX_PATH=${CMAKE_PREFIX_PATH}:/opt/ros/humble /usr/bin/cmake --build /home/aeluro/training_ws/src/build/rj_training_bringup -- -j8 -l8
[0.592s] Invoked command in '/home/aeluro/training_ws/src/build/rj_training_bringup' returned '0': CMAKE_PREFIX_PATH=${CMAKE_PREFIX_PATH}:/opt/ros/humble /usr/bin/cmake --build /home/aeluro/training_ws/src/build/rj_training_bringup -- -j8 -l8
[0.711s] Invoking command in '/home/aeluro/training_ws/src/build/rj_training_bringup': CMAKE_PREFIX_PATH=${CMAKE_PREFIX_PATH}:/opt/ros/humble /usr/bin/cmake --install /home/aeluro/training_ws/src/build/rj_training_bringup
[0.749s] -- Install configuration: ""
[0.749s] -- Up-to-date: /home/aeluro/training_ws/src/install/rj_training_bringup/share/rj_training_bringup/behavior_trees
[0.750s] -- Up-to-date: /home/aeluro/training_ws/src/install/rj_training_bringup/share/rj_training_bringup/behavior_trees/navigate_w_replanning.xml
[0.750s] -- Up-to-date: /home/aeluro/training_ws/src/install/rj_training_bringup/share/rj_training_bringup/behavior_trees/navigate.xml
[0.750s] -- Up-to-date: /home/aeluro/training_ws/src/install/rj_training_bringup/share/rj_training_bringup/config
[0.750s] -- Up-to-date: /home/aeluro/training_ws/src/install/rj_training_bringup/share/rj_training_bringup/config/nav_params_final_challenge.yaml
[0.751s] -- Up-to-date: /home/aeluro/training_ws/src/install/rj_training_bringup/share/rj_training_bringup/config/nav_params.yaml
[0.751s] -- Up-to-date: /home/aeluro/training_ws/src/install/rj_training_bringup/share/rj_training_bringup/config/nav_params_week_7.yaml
[0.751s] -- Up-to-date: /home/aeluro/training_ws/src/install/rj_training_bringup/share/rj_training_bringup/config/aruco_tag_visualization_params.yaml
[0.751s] -- Up-to-date: /home/aeluro/training_ws/src/install/rj_training_bringup/share/rj_training_bringup/config/nav_params_week_8.yaml
[0.751s] -- Up-to-date: /home/aeluro/training_ws/src/install/rj_training_bringup/share/rj_training_bringup/launch
[0.752s] -- Up-to-date: /home/aeluro/training_ws/src/install/rj_training_bringup/share/rj_training_bringup/launch/navigation.launch.py
[0.752s] -- Up-to-date: /home/aeluro/training_ws/src/install/rj_training_bringup/share/rj_training_bringup/launch/fake_localizer.launch.py
[0.752s] -- Up-to-date: /home/aeluro/training_ws/src/install/rj_training_bringup/share/rj_training_bringup/launch/mineral_deposit_tracker.launch.py
[0.752s] -- Up-to-date: /home/aeluro/training_ws/src/install/rj_training_bringup/share/rj_training_bringup/launch/full_game_stack.launch.xml
[0.753s] -- Up-to-date: /home/aeluro/training_ws/src/install/rj_training_bringup/share/rj_training_bringup/launch/empty_map_server.launch.py
[0.753s] -- Up-to-date: /home/aeluro/training_ws/src/install/rj_training_bringup/share/rj_training_bringup/launch/projects
[0.753s] -- Up-to-date: /home/aeluro/training_ws/src/install/rj_training_bringup/share/rj_training_bringup/launch/projects/week_4.launch.xml
[0.753s] -- Up-to-date: /home/aeluro/training_ws/src/install/rj_training_bringup/share/rj_training_bringup/launch/projects/week_5.launch.xml
[0.753s] -- Up-to-date: /home/aeluro/training_ws/src/install/rj_training_bringup/share/rj_training_bringup/launch/projects/week_1.launch.xml
[0.754s] -- Up-to-date: /home/aeluro/training_ws/src/install/rj_training_bringup/share/rj_training_bringup/launch/projects/week_2.launch.xml
[0.759s] -- Up-to-date: /home/aeluro/training_ws/src/install/rj_training_bringup/share/rj_training_bringup/launch/projects/week_6.launch.xml
[0.760s] -- Up-to-date: /home/aeluro/training_ws/src/install/rj_training_bringup/share/rj_training_bringup/launch/projects/week_7.launch.xml
[0.764s] -- Up-to-date: /home/aeluro/training_ws/src/install/rj_training_bringup/share/rj_training_bringup/launch/projects/week_8.launch.xml
[0.765s] -- Up-to-date: /home/aeluro/training_ws/src/install/rj_training_bringup/share/rj_training_bringup/launch/projects/week_3.launch.xml
[0.765s] -- Up-to-date: /home/aeluro/training_ws/src/install/rj_training_bringup/share/rj_training_bringup/maps
[0.765s] -- Up-to-date: /home/aeluro/training_ws/src/install/rj_training_bringup/share/rj_training_bringup/maps/empty_map.png
[0.777s] -- Up-to-date: /home/aeluro/training_ws/src/install/rj_training_bringup/share/rj_training_bringup/maps/empty_map.yaml
[0.783s] -- Up-to-date: /home/aeluro/training_ws/src/install/rj_training_bringup/share/rj_training_bringup/mineral_sample_sets
[0.783s] -- Up-to-date: /home/aeluro/training_ws/src/install/rj_training_bringup/share/rj_training_bringup/mineral_sample_sets/default.yaml
[0.783s] -- Up-to-date: /home/aeluro/training_ws/src/install/rj_training_bringup/share/rj_training_bringup/rviz_config
[0.785s] -- Up-to-date: /home/aeluro/training_ws/src/install/rj_training_bringup/share/rj_training_bringup/rviz_config/week_5.rviz
[0.785s] -- Up-to-date: /home/aeluro/training_ws/src/install/rj_training_bringup/share/rj_training_bringup/rviz_config/week_1.rviz
[0.785s] -- Up-to-date: /home/aeluro/training_ws/src/install/rj_training_bringup/share/rj_training_bringup/rviz_config/week_6.rviz
[0.786s] -- Up-to-date: /home/aeluro/training_ws/src/install/rj_training_bringup/share/rj_training_bringup/rviz_config/final_challenge.rviz
[0.786s] -- Up-to-date: /home/aeluro/training_ws/src/install/rj_training_bringup/share/rj_training_bringup/rviz_config/week_8.rviz
[0.787s] -- Up-to-date: /home/aeluro/training_ws/src/install/rj_training_bringup/share/rj_training_bringup/rviz_config/color_detection.rviz
[0.813s] -- Up-to-date: /home/aeluro/training_ws/src/install/rj_training_bringup/share/rj_training_bringup/rviz_config/week_4.rviz
[0.813s] -- Up-to-date: /home/aeluro/training_ws/src/install/rj_training_bringup/share/rj_training_bringup/rviz_config/week_7.rviz
[0.814s] -- Up-to-date: /home/aeluro/training_ws/src/install/rj_training_bringup/share/rj_training_bringup/rviz_config/week_3.rviz
[0.814s] -- Up-to-date: /home/aeluro/training_ws/src/install/rj_training_bringup/share/ament_index/resource_index/package_run_dependencies/rj_training_bringup
[0.814s] -- Up-to-date: /home/aeluro/training_ws/src/install/rj_training_bringup/share/ament_index/resource_index/parent_prefix_path/rj_training_bringup
[0.815s] -- Up-to-date: /home/aeluro/training_ws/src/install/rj_training_bringup/share/rj_training_bringup/environment/ament_prefix_path.sh
[0.815s] -- Up-to-date: /home/aeluro/training_ws/src/install/rj_training_bringup/share/rj_training_bringup/environment/ament_prefix_path.dsv
[0.815s] -- Up-to-date: /home/aeluro/training_ws/src/install/rj_training_bringup/share/rj_training_bringup/environment/path.sh
[0.815s] -- Up-to-date: /home/aeluro/training_ws/src/install/rj_training_bringup/share/rj_training_bringup/environment/path.dsv
[0.816s] -- Up-to-date: /home/aeluro/training_ws/src/install/rj_training_bringup/share/rj_training_bringup/local_setup.bash
[0.816s] -- Up-to-date: /home/aeluro/training_ws/src/install/rj_training_bringup/share/rj_training_bringup/local_setup.sh
[0.816s] -- Up-to-date: /home/aeluro/training_ws/src/install/rj_training_bringup/share/rj_training_bringup/local_setup.zsh
[0.816s] -- Up-to-date: /home/aeluro/training_ws/src/install/rj_training_bringup/share/rj_training_bringup/local_setup.dsv
[0.817s] -- Up-to-date: /home/aeluro/training_ws/src/install/rj_training_bringup/share/rj_training_bringup/package.dsv
[0.817s] -- Up-to-date: /home/aeluro/training_ws/src/install/rj_training_bringup/share/ament_index/resource_index/packages/rj_training_bringup
[0.817s] -- Up-to-date: /home/aeluro/training_ws/src/install/rj_training_bringup/share/rj_training_bringup/cmake/rj_training_bringupConfig.cmake
[0.817s] -- Up-to-date: /home/aeluro/training_ws/src/install/rj_training_bringup/share/rj_training_bringup/cmake/rj_training_bringupConfig-version.cmake
[0.818s] -- Up-to-date: /home/aeluro/training_ws/src/install/rj_training_bringup/share/rj_training_bringup/package.xml
[0.827s] Invoked command in '/home/aeluro/training_ws/src/build/rj_training_bringup' returned '0': CMAKE_PREFIX_PATH=${CMAKE_PREFIX_PATH}:/opt/ros/humble /usr/bin/cmake --install /home/aeluro/training_ws/src/build/rj_training_bringup
