[0.183s] Invoking command in '/home/aeluro/training_ws/src/build/coordinate_transform': CMAKE_PREFIX_PATH=${CMAKE_PREFIX_PATH}:/opt/ros/humble /usr/bin/cmake --build /home/aeluro/training_ws/src/build/coordinate_transform -- -j8 -l8
[0.478s] [35m[1mConsolidate compiler generated dependencies of target coordinate_transform_components[0m
[0.602s] [ 50%] Built target coordinate_transform_components
[0.689s] [35m[1mConsolidate compiler generated dependencies of target coordinate_transform_node[0m
[0.770s] [100%] Built target coordinate_transform_node
[0.904s] Invoked command in '/home/aeluro/training_ws/src/build/coordinate_transform' returned '0': CMAKE_PREFIX_PATH=${CMAKE_PREFIX_PATH}:/opt/ros/humble /usr/bin/cmake --build /home/aeluro/training_ws/src/build/coordinate_transform -- -j8 -l8
[1.392s] Invoking command in '/home/aeluro/training_ws/src/build/coordinate_transform': CMAKE_PREFIX_PATH=${CMAKE_PREFIX_PATH}:/opt/ros/humble /usr/bin/cmake --install /home/aeluro/training_ws/src/build/coordinate_transform
[1.496s] -- Install configuration: ""
[1.496s] -- Up-to-date: /home/aeluro/training_ws/src/install/coordinate_transform/lib/coordinate_transform/coordinate_transform_node
[1.496s] -- Up-to-date: /home/aeluro/training_ws/src/install/coordinate_transform/lib/libcoordinate_transform_components.so
[1.497s] -- Up-to-date: /home/aeluro/training_ws/src/install/coordinate_transform/share/ament_index/resource_index/package_run_dependencies/coordinate_transform
[1.497s] -- Up-to-date: /home/aeluro/training_ws/src/install/coordinate_transform/share/ament_index/resource_index/parent_prefix_path/coordinate_transform
[1.497s] -- Up-to-date: /home/aeluro/training_ws/src/install/coordinate_transform/share/coordinate_transform/environment/ament_prefix_path.sh
[1.497s] -- Up-to-date: /home/aeluro/training_ws/src/install/coordinate_transform/share/coordinate_transform/environment/ament_prefix_path.dsv
[1.498s] -- Up-to-date: /home/aeluro/training_ws/src/install/coordinate_transform/share/coordinate_transform/environment/path.sh
[1.498s] -- Up-to-date: /home/aeluro/training_ws/src/install/coordinate_transform/share/coordinate_transform/environment/path.dsv
[1.498s] -- Up-to-date: /home/aeluro/training_ws/src/install/coordinate_transform/share/coordinate_transform/local_setup.bash
[1.499s] -- Up-to-date: /home/aeluro/training_ws/src/install/coordinate_transform/share/coordinate_transform/local_setup.sh
[1.499s] -- Up-to-date: /home/aeluro/training_ws/src/install/coordinate_transform/share/coordinate_transform/local_setup.zsh
[1.499s] -- Up-to-date: /home/aeluro/training_ws/src/install/coordinate_transform/share/coordinate_transform/local_setup.dsv
[1.499s] -- Installing: /home/aeluro/training_ws/src/install/coordinate_transform/share/coordinate_transform/package.dsv
[1.500s] -- Up-to-date: /home/aeluro/training_ws/src/install/coordinate_transform/share/ament_index/resource_index/packages/coordinate_transform
[1.500s] -- Up-to-date: /home/aeluro/training_ws/src/install/coordinate_transform/share/ament_index/resource_index/rclcpp_components/coordinate_transform
[1.500s] -- Up-to-date: /home/aeluro/training_ws/src/install/coordinate_transform/share/coordinate_transform/cmake/coordinate_transformConfig.cmake
[1.500s] -- Up-to-date: /home/aeluro/training_ws/src/install/coordinate_transform/share/coordinate_transform/cmake/coordinate_transformConfig-version.cmake
[1.500s] -- Up-to-date: /home/aeluro/training_ws/src/install/coordinate_transform/share/coordinate_transform/package.xml
[1.688s] Invoked command in '/home/aeluro/training_ws/src/build/coordinate_transform' returned '0': CMAKE_PREFIX_PATH=${CMAKE_PREFIX_PATH}:/opt/ros/humble /usr/bin/cmake --install /home/aeluro/training_ws/src/build/coordinate_transform
