-- The C compiler identification is GNU 11.3.0
-- The CXX compiler identification is GNU 11.3.0
-- Detecting C compiler ABI info
-- Detecting C compiler ABI info - done
-- Check for working C compiler: /usr/bin/cc - skipped
-- Detecting C compile features
-- Detecting C compile features - done
-- Detecting CXX compiler ABI info
-- Detecting CXX compiler ABI info - done
-- Check for working CXX compiler: /usr/bin/c++ - skipped
-- Detecting CXX compile features
-- Detecting CXX compile features - done
-- Found ament_cmake: 1.3.3 (/opt/ros/humble/share/ament_cmake/cmake)
-- Found Python3: /usr/bin/python3.10 (found version "3.10.6") found components: Interpreter 
-- Found rclcpp: 16.0.3 (/opt/ros/humble/share/rclcpp/cmake)
-- Found rosidl_generator_c: 3.1.4 (/opt/ros/humble/share/rosidl_generator_c/cmake)
-- Found rosidl_adapter: 3.1.4 (/opt/ros/humble/share/rosidl_adapter/cmake)
-- Found rosidl_generator_cpp: 3.1.4 (/opt/ros/humble/share/rosidl_generator_cpp/cmake)
-- Using all available rosidl_typesupport_c: rosidl_typesupport_fastrtps_c;rosidl_typesupport_introspection_c
-- Using all available rosidl_typesupport_cpp: rosidl_typesupport_fastrtps_cpp;rosidl_typesupport_introspection_cpp
-- Found rmw_implementation_cmake: 6.1.1 (/opt/ros/humble/share/rmw_implementation_cmake/cmake)
-- Found rmw_fastrtps_cpp: 6.2.2 (/opt/ros/humble/share/rmw_fastrtps_cpp/cmake)
-- Found OpenSSL: /usr/lib/x86_64-linux-gnu/libcrypto.so (found version "3.0.2")  
-- Found FastRTPS: /opt/ros/humble/include  
-- Using RMW implementation 'rmw_fastrtps_cpp' as default
-- Looking for pthread.h
-- Looking for pthread.h - found
-- Performing Test CMAKE_HAVE_LIBC_PTHREAD
-- Performing Test CMAKE_HAVE_LIBC_PTHREAD - Success
-- Found Threads: TRUE  
-- Found rclcpp_components: 16.0.3 (/opt/ros/humble/share/rclcpp_components/cmake)
-- Found image_transport: 3.1.5 (/opt/ros/humble/share/image_transport/cmake)
-- Found cv_bridge: 3.2.1 (/opt/ros/humble/share/cv_bridge/cmake)
-- Found nav_msgs: 4.2.3 (/opt/ros/humble/share/nav_msgs/cmake)
-- Found tf2_ros: 0.25.2 (/opt/ros/humble/share/tf2_ros/cmake)
-- Found tf2_eigen: 0.25.2 (/opt/ros/humble/share/tf2_eigen/cmake)
-- Found stsl_interfaces: 0.1.0 (/opt/ros/humble/share/stsl_interfaces/cmake)
-- Found ament_lint_auto: 0.12.5 (/opt/ros/humble/share/ament_lint_auto/cmake)
-- Added test 'copyright' to check source files copyright and LICENSE
-- Added test 'cppcheck' to perform static code analysis on C / C++ code
-- Configured cppcheck include dirs: 
-- Configured cppcheck exclude dirs and/or files: 
-- Added test 'cpplint' to check C / C++ code against the Google style
-- Configured cpplint exclude dirs and/or files: 
-- Added test 'lint_cmake' to check CMake code style
-- Added test 'uncrustify' to check C / C++ code style
-- Configured uncrustify additional arguments: 
-- Added test 'xmllint' to check XML markup files
-- Configuring done
-- Generating done
-- Build files have been written to: /home/aeluro/training_ws/src/build/coordinate_transform
[ 25%] [32mBuilding CXX object CMakeFiles/coordinate_transform_components.dir/src/coordinate_transform_component.cpp.o[0m
[ 50%] [32m[1mLinking CXX shared library libcoordinate_transform_components.so[0m
[ 50%] Built target coordinate_transform_components
[ 75%] [32mBuilding CXX object CMakeFiles/coordinate_transform_node.dir/rclcpp_components/node_main_coordinate_transform_node.cpp.o[0m
[100%] [32m[1mLinking CXX executable coordinate_transform_node[0m
[100%] Built target coordinate_transform_node
-- Install configuration: ""
-- Installing: /home/aeluro/training_ws/src/install/coordinate_transform/lib/coordinate_transform/coordinate_transform_node
-- Set runtime path of "/home/aeluro/training_ws/src/install/coordinate_transform/lib/coordinate_transform/coordinate_transform_node" to ""
-- Installing: /home/aeluro/training_ws/src/install/coordinate_transform/lib/libcoordinate_transform_components.so
-- Set runtime path of "/home/aeluro/training_ws/src/install/coordinate_transform/lib/libcoordinate_transform_components.so" to ""
-- Installing: /home/aeluro/training_ws/src/install/coordinate_transform/share/ament_index/resource_index/package_run_dependencies/coordinate_transform
-- Installing: /home/aeluro/training_ws/src/install/coordinate_transform/share/ament_index/resource_index/parent_prefix_path/coordinate_transform
-- Installing: /home/aeluro/training_ws/src/install/coordinate_transform/share/coordinate_transform/environment/ament_prefix_path.sh
-- Installing: /home/aeluro/training_ws/src/install/coordinate_transform/share/coordinate_transform/environment/ament_prefix_path.dsv
-- Installing: /home/aeluro/training_ws/src/install/coordinate_transform/share/coordinate_transform/environment/path.sh
-- Installing: /home/aeluro/training_ws/src/install/coordinate_transform/share/coordinate_transform/environment/path.dsv
-- Installing: /home/aeluro/training_ws/src/install/coordinate_transform/share/coordinate_transform/local_setup.bash
-- Installing: /home/aeluro/training_ws/src/install/coordinate_transform/share/coordinate_transform/local_setup.sh
-- Installing: /home/aeluro/training_ws/src/install/coordinate_transform/share/coordinate_transform/local_setup.zsh
-- Installing: /home/aeluro/training_ws/src/install/coordinate_transform/share/coordinate_transform/local_setup.dsv
-- Installing: /home/aeluro/training_ws/src/install/coordinate_transform/share/coordinate_transform/package.dsv
-- Installing: /home/aeluro/training_ws/src/install/coordinate_transform/share/ament_index/resource_index/packages/coordinate_transform
-- Installing: /home/aeluro/training_ws/src/install/coordinate_transform/share/ament_index/resource_index/rclcpp_components/coordinate_transform
-- Installing: /home/aeluro/training_ws/src/install/coordinate_transform/share/coordinate_transform/cmake/coordinate_transformConfig.cmake
-- Installing: /home/aeluro/training_ws/src/install/coordinate_transform/share/coordinate_transform/cmake/coordinate_transformConfig-version.cmake
-- Installing: /home/aeluro/training_ws/src/install/coordinate_transform/share/coordinate_transform/package.xml
