[0.159s] Invoking command in '/home/aeluro/training_ws/src/build/coordinate_transform': CMAKE_PREFIX_PATH=${CMAKE_PREFIX_PATH}:/opt/ros/humble /usr/bin/cmake /home/aeluro/training_ws/src/software-training/coordinate_transform -DCMAKE_INSTALL_PREFIX=/home/aeluro/training_ws/src/install/coordinate_transform
[1.028s] -- The C compiler identification is GNU 11.3.0
[4.657s] -- The CXX compiler identification is GNU 11.3.0
[9.922s] -- Detecting C compiler ABI info
[10.909s] -- Detecting C compiler ABI info - done
[10.921s] -- Check for working C compiler: /usr/bin/cc - skipped
[10.921s] -- Detecting C compile features
[10.922s] -- Detecting C compile features - done
[10.937s] -- Detecting CXX compiler ABI info
[11.871s] -- Detecting CXX compiler ABI info - done
[11.896s] -- Check for working CXX compiler: /usr/bin/c++ - skipped
[11.897s] -- Detecting CXX compile features
[11.898s] -- Detecting CXX compile features - done
[11.910s] -- Found ament_cmake: 1.3.3 (/opt/ros/humble/share/ament_cmake/cmake)
[12.631s] -- Found Python3: /usr/bin/python3.10 (found version "3.10.6") found components: Interpreter 
[13.334s] -- Found rclcpp: 16.0.3 (/opt/ros/humble/share/rclcpp/cmake)
[14.484s] -- Found rosidl_generator_c: 3.1.4 (/opt/ros/humble/share/rosidl_generator_c/cmake)
[14.502s] -- Found rosidl_adapter: 3.1.4 (/opt/ros/humble/share/rosidl_adapter/cmake)
[14.532s] -- Found rosidl_generator_cpp: 3.1.4 (/opt/ros/humble/share/rosidl_generator_cpp/cmake)
[14.573s] -- Using all available rosidl_typesupport_c: rosidl_typesupport_fastrtps_c;rosidl_typesupport_introspection_c
[14.692s] -- Using all available rosidl_typesupport_cpp: rosidl_typesupport_fastrtps_cpp;rosidl_typesupport_introspection_cpp
[15.038s] -- Found rmw_implementation_cmake: 6.1.1 (/opt/ros/humble/share/rmw_implementation_cmake/cmake)
[15.061s] -- Found rmw_fastrtps_cpp: 6.2.2 (/opt/ros/humble/share/rmw_fastrtps_cpp/cmake)
[21.339s] -- Found OpenSSL: /usr/lib/x86_64-linux-gnu/libcrypto.so (found version "3.0.2")  
[26.855s] -- Found FastRTPS: /opt/ros/humble/include  
[58.336s] -- Using RMW implementation 'rmw_fastrtps_cpp' as default
[58.457s] -- Looking for pthread.h
[60.855s] -- Looking for pthread.h - found
[60.858s] -- Performing Test CMAKE_HAVE_LIBC_PTHREAD
[63.439s] -- Performing Test CMAKE_HAVE_LIBC_PTHREAD - Success
[63.439s] -- Found Threads: TRUE  
[65.278s] -- Found rclcpp_components: 16.0.3 (/opt/ros/humble/share/rclcpp_components/cmake)
[65.949s] -- Found image_transport: 3.1.5 (/opt/ros/humble/share/image_transport/cmake)
[79.022s] -- Found cv_bridge: 3.2.1 (/opt/ros/humble/share/cv_bridge/cmake)
[79.249s] -- Found nav_msgs: 4.2.3 (/opt/ros/humble/share/nav_msgs/cmake)
[80.123s] -- Found tf2_ros: 0.25.2 (/opt/ros/humble/share/tf2_ros/cmake)
[81.010s] -- Found tf2_eigen: 0.25.2 (/opt/ros/humble/share/tf2_eigen/cmake)
[81.087s] -- Found stsl_interfaces: 0.1.0 (/opt/ros/humble/share/stsl_interfaces/cmake)
[81.989s] -- Found ament_lint_auto: 0.12.5 (/opt/ros/humble/share/ament_lint_auto/cmake)
[84.467s] -- Added test 'copyright' to check source files copyright and LICENSE
[84.480s] -- Added test 'cppcheck' to perform static code analysis on C / C++ code
[84.480s] -- Configured cppcheck include dirs: 
[84.480s] -- Configured cppcheck exclude dirs and/or files: 
[84.489s] -- Added test 'cpplint' to check C / C++ code against the Google style
[84.489s] -- Configured cpplint exclude dirs and/or files: 
[84.506s] -- Added test 'lint_cmake' to check CMake code style
[84.514s] -- Added test 'uncrustify' to check C / C++ code style
[84.514s] -- Configured uncrustify additional arguments: 
[84.520s] -- Added test 'xmllint' to check XML markup files
[84.570s] -- Configuring done
[85.015s] -- Generating done
[85.092s] -- Build files have been written to: /home/aeluro/training_ws/src/build/coordinate_transform
[85.276s] Invoked command in '/home/aeluro/training_ws/src/build/coordinate_transform' returned '0': CMAKE_PREFIX_PATH=${CMAKE_PREFIX_PATH}:/opt/ros/humble /usr/bin/cmake /home/aeluro/training_ws/src/software-training/coordinate_transform -DCMAKE_INSTALL_PREFIX=/home/aeluro/training_ws/src/install/coordinate_transform
[85.278s] Invoking command in '/home/aeluro/training_ws/src/build/coordinate_transform': CMAKE_PREFIX_PATH=${CMAKE_PREFIX_PATH}:/opt/ros/humble /usr/bin/cmake --build /home/aeluro/training_ws/src/build/coordinate_transform -- -j8 -l8
[131.441s] [ 25%] [32mBuilding CXX object CMakeFiles/coordinate_transform_components.dir/src/coordinate_transform_component.cpp.o[0m
[145.427s] [ 50%] [32m[1mLinking CXX shared library libcoordinate_transform_components.so[0m
[147.811s] [ 50%] Built target coordinate_transform_components
[147.856s] [ 75%] [32mBuilding CXX object CMakeFiles/coordinate_transform_node.dir/rclcpp_components/node_main_coordinate_transform_node.cpp.o[0m
[156.281s] [100%] [32m[1mLinking CXX executable coordinate_transform_node[0m
[157.125s] [100%] Built target coordinate_transform_node
[157.146s] Invoked command in '/home/aeluro/training_ws/src/build/coordinate_transform' returned '0': CMAKE_PREFIX_PATH=${CMAKE_PREFIX_PATH}:/opt/ros/humble /usr/bin/cmake --build /home/aeluro/training_ws/src/build/coordinate_transform -- -j8 -l8
[157.205s] Invoking command in '/home/aeluro/training_ws/src/build/coordinate_transform': CMAKE_PREFIX_PATH=${CMAKE_PREFIX_PATH}:/opt/ros/humble /usr/bin/cmake --install /home/aeluro/training_ws/src/build/coordinate_transform
[157.225s] -- Install configuration: ""
[157.226s] -- Installing: /home/aeluro/training_ws/src/install/coordinate_transform/lib/coordinate_transform/coordinate_transform_node
[157.228s] -- Set runtime path of "/home/aeluro/training_ws/src/install/coordinate_transform/lib/coordinate_transform/coordinate_transform_node" to ""
[157.228s] -- Installing: /home/aeluro/training_ws/src/install/coordinate_transform/lib/libcoordinate_transform_components.so
[157.257s] -- Set runtime path of "/home/aeluro/training_ws/src/install/coordinate_transform/lib/libcoordinate_transform_components.so" to ""
[157.259s] -- Installing: /home/aeluro/training_ws/src/install/coordinate_transform/share/ament_index/resource_index/package_run_dependencies/coordinate_transform
[157.260s] -- Installing: /home/aeluro/training_ws/src/install/coordinate_transform/share/ament_index/resource_index/parent_prefix_path/coordinate_transform
[157.262s] -- Installing: /home/aeluro/training_ws/src/install/coordinate_transform/share/coordinate_transform/environment/ament_prefix_path.sh
[157.262s] -- Installing: /home/aeluro/training_ws/src/install/coordinate_transform/share/coordinate_transform/environment/ament_prefix_path.dsv
[157.263s] -- Installing: /home/aeluro/training_ws/src/install/coordinate_transform/share/coordinate_transform/environment/path.sh
[157.263s] -- Installing: /home/aeluro/training_ws/src/install/coordinate_transform/share/coordinate_transform/environment/path.dsv
[157.264s] -- Installing: /home/aeluro/training_ws/src/install/coordinate_transform/share/coordinate_transform/local_setup.bash
[157.266s] -- Installing: /home/aeluro/training_ws/src/install/coordinate_transform/share/coordinate_transform/local_setup.sh
[157.266s] -- Installing: /home/aeluro/training_ws/src/install/coordinate_transform/share/coordinate_transform/local_setup.zsh
[157.269s] -- Installing: /home/aeluro/training_ws/src/install/coordinate_transform/share/coordinate_transform/local_setup.dsv
[157.271s] -- Installing: /home/aeluro/training_ws/src/install/coordinate_transform/share/coordinate_transform/package.dsv
[157.275s] -- Installing: /home/aeluro/training_ws/src/install/coordinate_transform/share/ament_index/resource_index/packages/coordinate_transform
[157.279s] -- Installing: /home/aeluro/training_ws/src/install/coordinate_transform/share/ament_index/resource_index/rclcpp_components/coordinate_transform
[157.280s] -- Installing: /home/aeluro/training_ws/src/install/coordinate_transform/share/coordinate_transform/cmake/coordinate_transformConfig.cmake
[157.280s] -- Installing: /home/aeluro/training_ws/src/install/coordinate_transform/share/coordinate_transform/cmake/coordinate_transformConfig-version.cmake
[157.282s] -- Installing: /home/aeluro/training_ws/src/install/coordinate_transform/share/coordinate_transform/package.xml
[157.295s] Invoked command in '/home/aeluro/training_ws/src/build/coordinate_transform' returned '0': CMAKE_PREFIX_PATH=${CMAKE_PREFIX_PATH}:/opt/ros/humble /usr/bin/cmake --install /home/aeluro/training_ws/src/build/coordinate_transform
