[0.197s] Invoking command in '/home/aeluro/training_ws/src/build/mapping': CMAKE_PREFIX_PATH=${CMAKE_PREFIX_PATH}:/opt/ros/humble /usr/bin/cmake --build /home/aeluro/training_ws/src/build/mapping -- -j8 -l8
[0.420s] [35m[1mConsolidate compiler generated dependencies of target mapping[0m
[0.576s] [ 50%] Built target mapping
[0.661s] [35m[1mConsolidate compiler generated dependencies of target mapping_node[0m
[0.771s] [100%] Built target mapping_node
[0.809s] Invoked command in '/home/aeluro/training_ws/src/build/mapping' returned '0': CMAKE_PREFIX_PATH=${CMAKE_PREFIX_PATH}:/opt/ros/humble /usr/bin/cmake --build /home/aeluro/training_ws/src/build/mapping -- -j8 -l8
[1.048s] Invoking command in '/home/aeluro/training_ws/src/build/mapping': CMAKE_PREFIX_PATH=${CMAKE_PREFIX_PATH}:/opt/ros/humble /usr/bin/cmake --install /home/aeluro/training_ws/src/build/mapping
[1.103s] -- Install configuration: ""
[1.104s] -- Up-to-date: /home/aeluro/training_ws/src/install/mapping/lib/mapping/mapping_node
[1.104s] -- Up-to-date: /home/aeluro/training_ws/src/install/mapping/lib/libmapping.so
[1.104s] -- Up-to-date: /home/aeluro/training_ws/src/install/mapping/share/mapping/launch
[1.104s] -- Up-to-date: /home/aeluro/training_ws/src/install/mapping/share/mapping/launch/mapping.launch.xml
[1.104s] -- Up-to-date: /home/aeluro/training_ws/src/install/mapping/share/ament_index/resource_index/package_run_dependencies/mapping
[1.105s] -- Up-to-date: /home/aeluro/training_ws/src/install/mapping/share/ament_index/resource_index/parent_prefix_path/mapping
[1.105s] -- Up-to-date: /home/aeluro/training_ws/src/install/mapping/share/mapping/environment/ament_prefix_path.sh
[1.105s] -- Up-to-date: /home/aeluro/training_ws/src/install/mapping/share/mapping/environment/ament_prefix_path.dsv
[1.105s] -- Up-to-date: /home/aeluro/training_ws/src/install/mapping/share/mapping/environment/path.sh
[1.105s] -- Up-to-date: /home/aeluro/training_ws/src/install/mapping/share/mapping/environment/path.dsv
[1.106s] -- Up-to-date: /home/aeluro/training_ws/src/install/mapping/share/mapping/local_setup.bash
[1.106s] -- Up-to-date: /home/aeluro/training_ws/src/install/mapping/share/mapping/local_setup.sh
[1.106s] -- Up-to-date: /home/aeluro/training_ws/src/install/mapping/share/mapping/local_setup.zsh
[1.106s] -- Up-to-date: /home/aeluro/training_ws/src/install/mapping/share/mapping/local_setup.dsv
[1.107s] -- Installing: /home/aeluro/training_ws/src/install/mapping/share/mapping/package.dsv
[1.120s] -- Up-to-date: /home/aeluro/training_ws/src/install/mapping/share/ament_index/resource_index/packages/mapping
[1.121s] -- Up-to-date: /home/aeluro/training_ws/src/install/mapping/share/ament_index/resource_index/rclcpp_components/mapping
[1.121s] -- Up-to-date: /home/aeluro/training_ws/src/install/mapping/share/mapping/cmake/mappingConfig.cmake
[1.121s] -- Up-to-date: /home/aeluro/training_ws/src/install/mapping/share/mapping/cmake/mappingConfig-version.cmake
[1.121s] -- Up-to-date: /home/aeluro/training_ws/src/install/mapping/share/mapping/package.xml
[1.302s] Invoked command in '/home/aeluro/training_ws/src/build/mapping' returned '0': CMAKE_PREFIX_PATH=${CMAKE_PREFIX_PATH}:/opt/ros/humble /usr/bin/cmake --install /home/aeluro/training_ws/src/build/mapping
