[0.151s] Invoking command in '/home/aeluro/training_ws/src/build/mineral_deposit_tracking': CMAKE_PREFIX_PATH=${CMAKE_PREFIX_PATH}:/opt/ros/humble /usr/bin/cmake /home/aeluro/training_ws/src/software-training/mineral_deposit_tracking -DCMAKE_INSTALL_PREFIX=/home/aeluro/training_ws/src/install/mineral_deposit_tracking
[0.975s] -- The C compiler identification is GNU 11.3.0
[5.228s] -- The CXX compiler identification is GNU 11.3.0
[10.116s] -- Detecting C compiler ABI info
[11.046s] -- Detecting C compiler ABI info - done
[11.074s] -- Check for working C compiler: /usr/bin/cc - skipped
[11.074s] -- Detecting C compile features
[11.074s] -- Detecting C compile features - done
[11.093s] -- Detecting CXX compiler ABI info
[11.872s] -- Detecting CXX compiler ABI info - done
[11.891s] -- Check for working CXX compiler: /usr/bin/c++ - skipped
[11.891s] -- Detecting CXX compile features
[11.892s] -- Detecting CXX compile features - done
[11.900s] -- Found ament_cmake: 1.3.3 (/opt/ros/humble/share/ament_cmake/cmake)
[12.615s] -- Found Python3: /usr/bin/python3.10 (found version "3.10.6") found components: Interpreter 
[13.288s] -- Found rclcpp: 16.0.3 (/opt/ros/humble/share/rclcpp/cmake)
[14.208s] -- Found rosidl_generator_c: 3.1.4 (/opt/ros/humble/share/rosidl_generator_c/cmake)
[14.237s] -- Found rosidl_adapter: 3.1.4 (/opt/ros/humble/share/rosidl_adapter/cmake)
[14.315s] -- Found rosidl_generator_cpp: 3.1.4 (/opt/ros/humble/share/rosidl_generator_cpp/cmake)
[14.507s] -- Using all available rosidl_typesupport_c: rosidl_typesupport_fastrtps_c;rosidl_typesupport_introspection_c
[14.646s] -- Using all available rosidl_typesupport_cpp: rosidl_typesupport_fastrtps_cpp;rosidl_typesupport_introspection_cpp
[14.998s] -- Found rmw_implementation_cmake: 6.1.1 (/opt/ros/humble/share/rmw_implementation_cmake/cmake)
[15.015s] -- Found rmw_fastrtps_cpp: 6.2.2 (/opt/ros/humble/share/rmw_fastrtps_cpp/cmake)
[20.361s] -- Found OpenSSL: /usr/lib/x86_64-linux-gnu/libcrypto.so (found version "3.0.2")  
[25.736s] -- Found FastRTPS: /opt/ros/humble/include  
[48.051s] -- Using RMW implementation 'rmw_fastrtps_cpp' as default
[48.139s] -- Looking for pthread.h
[49.133s] -- Looking for pthread.h - found
[49.134s] -- Performing Test CMAKE_HAVE_LIBC_PTHREAD
[50.607s] -- Performing Test CMAKE_HAVE_LIBC_PTHREAD - Success
[50.609s] -- Found Threads: TRUE  
[52.285s] -- Found rclcpp_components: 16.0.3 (/opt/ros/humble/share/rclcpp_components/cmake)
[52.987s] -- Found stsl_interfaces: 0.1.0 (/opt/ros/humble/share/stsl_interfaces/cmake)
[54.265s] -- Found eigen3_cmake_module: 0.1.1 (/opt/ros/humble/share/eigen3_cmake_module/cmake)
[54.287s] -- Found Eigen3: TRUE (found version "3.4.0") 
[54.294s] -- Found tf2_ros: 0.25.2 (/opt/ros/humble/share/tf2_ros/cmake)
[56.030s] -- Found tf2_eigen: 0.25.2 (/opt/ros/humble/share/tf2_eigen/cmake)
[56.161s] -- Found ament_lint_auto: 0.12.5 (/opt/ros/humble/share/ament_lint_auto/cmake)
[57.130s] -- Added test 'copyright' to check source files copyright and LICENSE
[57.131s] -- Added test 'cppcheck' to perform static code analysis on C / C++ code
[57.168s] -- Configured cppcheck include dirs: 
[57.184s] -- Configured cppcheck exclude dirs and/or files: 
[57.185s] -- Added test 'cpplint' to check C / C++ code against the Google style
[57.185s] -- Configured cpplint exclude dirs and/or files: 
[57.187s] -- Added test 'lint_cmake' to check CMake code style
[57.189s] -- Added test 'uncrustify' to check C / C++ code style
[57.189s] -- Configured uncrustify additional arguments: 
[57.192s] -- Added test 'xmllint' to check XML markup files
[57.226s] -- Configuring done
[57.781s] -- Generating done
[57.811s] -- Build files have been written to: /home/aeluro/training_ws/src/build/mineral_deposit_tracking
[58.022s] Invoked command in '/home/aeluro/training_ws/src/build/mineral_deposit_tracking' returned '0': CMAKE_PREFIX_PATH=${CMAKE_PREFIX_PATH}:/opt/ros/humble /usr/bin/cmake /home/aeluro/training_ws/src/software-training/mineral_deposit_tracking -DCMAKE_INSTALL_PREFIX=/home/aeluro/training_ws/src/install/mineral_deposit_tracking
[58.023s] Invoking command in '/home/aeluro/training_ws/src/build/mineral_deposit_tracking': CMAKE_PREFIX_PATH=${CMAKE_PREFIX_PATH}:/opt/ros/humble /usr/bin/cmake --build /home/aeluro/training_ws/src/build/mineral_deposit_tracking -- -j8 -l8
[79.072s] [ 25%] [32mBuilding CXX object CMakeFiles/mineral_deposit_tracker.dir/rclcpp_components/node_main_mineral_deposit_tracker.cpp.o[0m
[79.095s] [ 50%] [32mBuilding CXX object CMakeFiles/mineral_deposit_tracking.dir/src/mineral_deposit_tracker.cpp.o[0m
[102.143s] [ 75%] [32m[1mLinking CXX executable mineral_deposit_tracker[0m
[103.720s] [ 75%] Built target mineral_deposit_tracker
[143.825s] [100%] [32m[1mLinking CXX shared library libmineral_deposit_tracking.so[0m
[146.465s] [100%] Built target mineral_deposit_tracking
[146.532s] Invoked command in '/home/aeluro/training_ws/src/build/mineral_deposit_tracking' returned '0': CMAKE_PREFIX_PATH=${CMAKE_PREFIX_PATH}:/opt/ros/humble /usr/bin/cmake --build /home/aeluro/training_ws/src/build/mineral_deposit_tracking -- -j8 -l8
[146.633s] Invoking command in '/home/aeluro/training_ws/src/build/mineral_deposit_tracking': CMAKE_PREFIX_PATH=${CMAKE_PREFIX_PATH}:/opt/ros/humble /usr/bin/cmake --install /home/aeluro/training_ws/src/build/mineral_deposit_tracking
[148.459s] -- Install configuration: ""
[148.460s] -- Installing: /home/aeluro/training_ws/src/install/mineral_deposit_tracking/lib/mineral_deposit_tracking/mineral_deposit_tracker
[148.461s] -- Set runtime path of "/home/aeluro/training_ws/src/install/mineral_deposit_tracking/lib/mineral_deposit_tracking/mineral_deposit_tracker" to ""
[148.461s] -- Installing: /home/aeluro/training_ws/src/install/mineral_deposit_tracking/lib/libmineral_deposit_tracking.so
[148.461s] -- Set runtime path of "/home/aeluro/training_ws/src/install/mineral_deposit_tracking/lib/libmineral_deposit_tracking.so" to ""
[148.463s] -- Installing: /home/aeluro/training_ws/src/install/mineral_deposit_tracking/share/ament_index/resource_index/package_run_dependencies/mineral_deposit_tracking
[148.463s] -- Installing: /home/aeluro/training_ws/src/install/mineral_deposit_tracking/share/ament_index/resource_index/parent_prefix_path/mineral_deposit_tracking
[148.464s] -- Installing: /home/aeluro/training_ws/src/install/mineral_deposit_tracking/share/mineral_deposit_tracking/environment/ament_prefix_path.sh
[148.467s] -- Installing: /home/aeluro/training_ws/src/install/mineral_deposit_tracking/share/mineral_deposit_tracking/environment/ament_prefix_path.dsv
[148.467s] -- Installing: /home/aeluro/training_ws/src/install/mineral_deposit_tracking/share/mineral_deposit_tracking/environment/path.sh
[148.467s] -- Installing: /home/aeluro/training_ws/src/install/mineral_deposit_tracking/share/mineral_deposit_tracking/environment/path.dsv
[148.467s] -- Installing: /home/aeluro/training_ws/src/install/mineral_deposit_tracking/share/mineral_deposit_tracking/local_setup.bash
[148.467s] -- Installing: /home/aeluro/training_ws/src/install/mineral_deposit_tracking/share/mineral_deposit_tracking/local_setup.sh
[148.468s] -- Installing: /home/aeluro/training_ws/src/install/mineral_deposit_tracking/share/mineral_deposit_tracking/local_setup.zsh
[148.468s] -- Installing: /home/aeluro/training_ws/src/install/mineral_deposit_tracking/share/mineral_deposit_tracking/local_setup.dsv
[148.468s] -- Installing: /home/aeluro/training_ws/src/install/mineral_deposit_tracking/share/mineral_deposit_tracking/package.dsv
[148.468s] -- Installing: /home/aeluro/training_ws/src/install/mineral_deposit_tracking/share/ament_index/resource_index/packages/mineral_deposit_tracking
[148.468s] -- Installing: /home/aeluro/training_ws/src/install/mineral_deposit_tracking/share/ament_index/resource_index/rclcpp_components/mineral_deposit_tracking
[148.468s] -- Installing: /home/aeluro/training_ws/src/install/mineral_deposit_tracking/share/mineral_deposit_tracking/cmake/mineral_deposit_trackingConfig.cmake
[148.468s] -- Installing: /home/aeluro/training_ws/src/install/mineral_deposit_tracking/share/mineral_deposit_tracking/cmake/mineral_deposit_trackingConfig-version.cmake
[148.469s] -- Installing: /home/aeluro/training_ws/src/install/mineral_deposit_tracking/share/mineral_deposit_tracking/package.xml
[148.478s] Invoked command in '/home/aeluro/training_ws/src/build/mineral_deposit_tracking' returned '0': CMAKE_PREFIX_PATH=${CMAKE_PREFIX_PATH}:/opt/ros/humble /usr/bin/cmake --install /home/aeluro/training_ws/src/build/mineral_deposit_tracking
