[0.096s] Invoking command in '/home/aeluro/training_ws/src/build/peak_finder': CMAKE_PREFIX_PATH=${CMAKE_PREFIX_PATH}:/opt/ros/humble /usr/bin/cmake /home/aeluro/training_ws/src/software-training/peak_finder -DCMAKE_INSTALL_PREFIX=/home/aeluro/training_ws/src/install/peak_finder
[49.368s] -- The C compiler identification is GNU 11.3.0
[49.368s] -- The CXX compiler identification is GNU 11.3.0
[49.369s] -- Detecting C compiler ABI info
[49.369s] -- Detecting C compiler ABI info - done
[49.369s] -- Check for working C compiler: /usr/bin/cc - skipped
[49.369s] -- Detecting C compile features
[49.369s] -- Detecting C compile features - done
[49.369s] -- Detecting CXX compiler ABI info
[49.370s] -- Detecting CXX compiler ABI info - done
[49.370s] -- Check for working CXX compiler: /usr/bin/c++ - skipped
[49.370s] -- Detecting CXX compile features
[49.370s] -- Detecting CXX compile features - done
[49.370s] -- Found ament_cmake: 1.3.3 (/opt/ros/humble/share/ament_cmake/cmake)
[49.370s] -- Found Python3: /usr/bin/python3.10 (found version "3.10.6") found components: Interpreter 
[49.370s] -- Found rclcpp: 16.0.3 (/opt/ros/humble/share/rclcpp/cmake)
[49.371s] -- Found rosidl_generator_c: 3.1.4 (/opt/ros/humble/share/rosidl_generator_c/cmake)
[49.371s] -- Found rosidl_adapter: 3.1.4 (/opt/ros/humble/share/rosidl_adapter/cmake)
[49.371s] -- Found rosidl_generator_cpp: 3.1.4 (/opt/ros/humble/share/rosidl_generator_cpp/cmake)
[49.371s] -- Using all available rosidl_typesupport_c: rosidl_typesupport_fastrtps_c;rosidl_typesupport_introspection_c
[49.371s] -- Using all available rosidl_typesupport_cpp: rosidl_typesupport_fastrtps_cpp;rosidl_typesupport_introspection_cpp
[49.371s] -- Found rmw_implementation_cmake: 6.1.1 (/opt/ros/humble/share/rmw_implementation_cmake/cmake)
[49.371s] -- Found rmw_fastrtps_cpp: 6.2.2 (/opt/ros/humble/share/rmw_fastrtps_cpp/cmake)
[49.372s] -- Found OpenSSL: /usr/lib/x86_64-linux-gnu/libcrypto.so (found version "3.0.2")  
[49.372s] -- Found FastRTPS: /opt/ros/humble/include  
[49.372s] -- Using RMW implementation 'rmw_fastrtps_cpp' as default
[49.372s] -- Looking for pthread.h
[49.372s] -- Looking for pthread.h - found
[49.372s] -- Performing Test CMAKE_HAVE_LIBC_PTHREAD
[49.373s] -- Performing Test CMAKE_HAVE_LIBC_PTHREAD - Success
[49.373s] -- Found Threads: TRUE  
[49.373s] -- Found rclcpp_components: 16.0.3 (/opt/ros/humble/share/rclcpp_components/cmake)
[49.373s] -- Found rclcpp_action: 16.0.3 (/opt/ros/humble/share/rclcpp_action/cmake)
[49.373s] -- Found stsl_interfaces: 0.1.0 (/opt/ros/humble/share/stsl_interfaces/cmake)
[49.374s] -- Found tf2_ros: 0.25.2 (/opt/ros/humble/share/tf2_ros/cmake)
[49.374s] -- Found tf2_eigen: 0.25.2 (/opt/ros/humble/share/tf2_eigen/cmake)
[49.374s] -- Found nav2_msgs: 1.1.6 (/opt/ros/humble/share/nav2_msgs/cmake)
[49.374s] -- Found ament_lint_auto: 0.12.5 (/opt/ros/humble/share/ament_lint_auto/cmake)
[49.374s] -- Added test 'copyright' to check source files copyright and LICENSE
[49.374s] -- Added test 'cppcheck' to perform static code analysis on C / C++ code
[49.374s] -- Configured cppcheck include dirs: 
[49.375s] -- Configured cppcheck exclude dirs and/or files: 
[49.375s] -- Added test 'cpplint' to check C / C++ code against the Google style
[49.375s] -- Configured cpplint exclude dirs and/or files: 
[49.375s] -- Added test 'lint_cmake' to check CMake code style
[49.375s] -- Added test 'uncrustify' to check C / C++ code style
[49.375s] -- Configured uncrustify additional arguments: 
[49.375s] -- Added test 'xmllint' to check XML markup files
[49.376s] -- Configuring done
[49.376s] -- Generating done
[49.378s] -- Build files have been written to: /home/aeluro/training_ws/src/build/peak_finder
[49.398s] Invoked command in '/home/aeluro/training_ws/src/build/peak_finder' returned '0': CMAKE_PREFIX_PATH=${CMAKE_PREFIX_PATH}:/opt/ros/humble /usr/bin/cmake /home/aeluro/training_ws/src/software-training/peak_finder -DCMAKE_INSTALL_PREFIX=/home/aeluro/training_ws/src/install/peak_finder
[49.404s] Invoking command in '/home/aeluro/training_ws/src/build/peak_finder': CMAKE_PREFIX_PATH=${CMAKE_PREFIX_PATH}:/opt/ros/humble /usr/bin/cmake --build /home/aeluro/training_ws/src/build/peak_finder -- -j8 -l8
[57.929s] [ 20%] [32mBuilding CXX object CMakeFiles/peak_finder_components.dir/src/navigator.cpp.o[0m
[57.929s] [ 40%] [32mBuilding CXX object CMakeFiles/peak_finder_components.dir/src/peak_finder_component.cpp.o[0m
[57.929s] [ 60%] [32mBuilding CXX object CMakeFiles/peak_finder_node.dir/rclcpp_components/node_main_peak_finder_node.cpp.o[0m
[95.769s] [ 80%] [32m[1mLinking CXX executable peak_finder_node[0m
[97.228s] [ 80%] Built target peak_finder_node
[128.415s] [100%] [32m[1mLinking CXX shared library libpeak_finder_components.so[0m
[131.225s] [100%] Built target peak_finder_components
[131.340s] Invoked command in '/home/aeluro/training_ws/src/build/peak_finder' returned '0': CMAKE_PREFIX_PATH=${CMAKE_PREFIX_PATH}:/opt/ros/humble /usr/bin/cmake --build /home/aeluro/training_ws/src/build/peak_finder -- -j8 -l8
[131.471s] Invoking command in '/home/aeluro/training_ws/src/build/peak_finder': CMAKE_PREFIX_PATH=${CMAKE_PREFIX_PATH}:/opt/ros/humble /usr/bin/cmake --install /home/aeluro/training_ws/src/build/peak_finder
[139.390s] -- Install configuration: ""
[139.390s] -- Installing: /home/aeluro/training_ws/src/install/peak_finder/lib/peak_finder/peak_finder_node
[139.391s] -- Set runtime path of "/home/aeluro/training_ws/src/install/peak_finder/lib/peak_finder/peak_finder_node" to ""
[139.391s] -- Installing: /home/aeluro/training_ws/src/install/peak_finder/lib/libpeak_finder_components.so
[139.391s] -- Set runtime path of "/home/aeluro/training_ws/src/install/peak_finder/lib/libpeak_finder_components.so" to ""
[139.391s] -- Installing: /home/aeluro/training_ws/src/install/peak_finder/share/ament_index/resource_index/package_run_dependencies/peak_finder
[139.391s] -- Installing: /home/aeluro/training_ws/src/install/peak_finder/share/ament_index/resource_index/parent_prefix_path/peak_finder
[139.392s] -- Installing: /home/aeluro/training_ws/src/install/peak_finder/share/peak_finder/environment/ament_prefix_path.sh
[139.392s] -- Installing: /home/aeluro/training_ws/src/install/peak_finder/share/peak_finder/environment/ament_prefix_path.dsv
[139.392s] -- Installing: /home/aeluro/training_ws/src/install/peak_finder/share/peak_finder/environment/path.sh
[139.392s] -- Installing: /home/aeluro/training_ws/src/install/peak_finder/share/peak_finder/environment/path.dsv
[139.392s] -- Installing: /home/aeluro/training_ws/src/install/peak_finder/share/peak_finder/local_setup.bash
[139.392s] -- Installing: /home/aeluro/training_ws/src/install/peak_finder/share/peak_finder/local_setup.sh
[139.392s] -- Installing: /home/aeluro/training_ws/src/install/peak_finder/share/peak_finder/local_setup.zsh
[139.393s] -- Installing: /home/aeluro/training_ws/src/install/peak_finder/share/peak_finder/local_setup.dsv
[139.393s] -- Installing: /home/aeluro/training_ws/src/install/peak_finder/share/peak_finder/package.dsv
[139.393s] -- Installing: /home/aeluro/training_ws/src/install/peak_finder/share/ament_index/resource_index/packages/peak_finder
[139.393s] -- Installing: /home/aeluro/training_ws/src/install/peak_finder/share/ament_index/resource_index/rclcpp_components/peak_finder
[139.393s] -- Installing: /home/aeluro/training_ws/src/install/peak_finder/share/peak_finder/cmake/peak_finderConfig.cmake
[139.393s] -- Installing: /home/aeluro/training_ws/src/install/peak_finder/share/peak_finder/cmake/peak_finderConfig-version.cmake
[139.393s] -- Installing: /home/aeluro/training_ws/src/install/peak_finder/share/peak_finder/package.xml
[139.576s] Invoked command in '/home/aeluro/training_ws/src/build/peak_finder' returned '0': CMAKE_PREFIX_PATH=${CMAKE_PREFIX_PATH}:/opt/ros/humble /usr/bin/cmake --install /home/aeluro/training_ws/src/build/peak_finder
