[0.129s] Invoking command in '/home/aeluro/training_ws/src/build/obstacle_detector': CMAKE_PREFIX_PATH=${CMAKE_PREFIX_PATH}:/opt/ros/humble /usr/bin/cmake /home/aeluro/training_ws/src/software-training/obstacle_detector -DCMAKE_INSTALL_PREFIX=/home/aeluro/training_ws/src/install/obstacle_detector
[47.422s] -- The C compiler identification is GNU 11.3.0
[47.422s] -- The CXX compiler identification is GNU 11.3.0
[47.422s] -- Detecting C compiler ABI info
[47.423s] -- Detecting C compiler ABI info - done
[47.423s] -- Check for working C compiler: /usr/bin/cc - skipped
[47.423s] -- Detecting C compile features
[47.423s] -- Detecting C compile features - done
[47.423s] -- Detecting CXX compiler ABI info
[47.423s] -- Detecting CXX compiler ABI info - done
[47.424s] -- Check for working CXX compiler: /usr/bin/c++ - skipped
[47.424s] -- Detecting CXX compile features
[47.424s] -- Detecting CXX compile features - done
[47.424s] -- Found ament_cmake: 1.3.3 (/opt/ros/humble/share/ament_cmake/cmake)
[47.424s] -- Found Python3: /usr/bin/python3.10 (found version "3.10.6") found components: Interpreter 
[47.424s] -- Found rclcpp: 16.0.3 (/opt/ros/humble/share/rclcpp/cmake)
[47.424s] -- Found rosidl_generator_c: 3.1.4 (/opt/ros/humble/share/rosidl_generator_c/cmake)
[47.425s] -- Found rosidl_adapter: 3.1.4 (/opt/ros/humble/share/rosidl_adapter/cmake)
[47.425s] -- Found rosidl_generator_cpp: 3.1.4 (/opt/ros/humble/share/rosidl_generator_cpp/cmake)
[47.425s] -- Using all available rosidl_typesupport_c: rosidl_typesupport_fastrtps_c;rosidl_typesupport_introspection_c
[47.425s] -- Using all available rosidl_typesupport_cpp: rosidl_typesupport_fastrtps_cpp;rosidl_typesupport_introspection_cpp
[47.425s] -- Found rmw_implementation_cmake: 6.1.1 (/opt/ros/humble/share/rmw_implementation_cmake/cmake)
[47.426s] -- Found rmw_fastrtps_cpp: 6.2.2 (/opt/ros/humble/share/rmw_fastrtps_cpp/cmake)
[47.426s] -- Found OpenSSL: /usr/lib/x86_64-linux-gnu/libcrypto.so (found version "3.0.2")  
[47.426s] -- Found FastRTPS: /opt/ros/humble/include  
[47.426s] -- Using RMW implementation 'rmw_fastrtps_cpp' as default
[47.426s] -- Looking for pthread.h
[47.426s] -- Looking for pthread.h - found
[47.426s] -- Performing Test CMAKE_HAVE_LIBC_PTHREAD
[47.972s] -- Performing Test CMAKE_HAVE_LIBC_PTHREAD - Success
[47.973s] -- Found Threads: TRUE  
[48.630s] -- Found rclcpp_components: 16.0.3 (/opt/ros/humble/share/rclcpp_components/cmake)
[48.869s] -- Found image_transport: 3.1.5 (/opt/ros/humble/share/image_transport/cmake)
[60.579s] -- Found cv_bridge: 3.2.1 (/opt/ros/humble/share/cv_bridge/cmake)
[60.910s] -- Found nav_msgs: 4.2.3 (/opt/ros/humble/share/nav_msgs/cmake)
[62.064s] -- Found tf2_ros: 0.25.2 (/opt/ros/humble/share/tf2_ros/cmake)
[64.679s] -- Found tf2_eigen: 0.25.2 (/opt/ros/humble/share/tf2_eigen/cmake)
[64.714s] -- Found OpenCV: /usr (found suitable version "4.5.4", minimum required is "4") 
[64.747s] -- Found ament_lint_auto: 0.12.5 (/opt/ros/humble/share/ament_lint_auto/cmake)
[71.863s] -- Added test 'copyright' to check source files copyright and LICENSE
[71.863s] -- Added test 'cppcheck' to perform static code analysis on C / C++ code
[71.864s] -- Configured cppcheck include dirs: 
[71.864s] -- Configured cppcheck exclude dirs and/or files: 
[71.864s] -- Added test 'cpplint' to check C / C++ code against the Google style
[71.864s] -- Configured cpplint exclude dirs and/or files: 
[71.864s] -- Added test 'flake8' to check Python code syntax and style conventions
[71.864s] -- Added test 'lint_cmake' to check CMake code style
[71.865s] -- Added test 'pep257' to check Python code against some of the docstring style conventions in PEP 257
[71.865s] -- Added test 'uncrustify' to check C / C++ code style
[71.865s] -- Configured uncrustify additional arguments: 
[71.865s] -- Added test 'xmllint' to check XML markup files
[71.865s] -- Configuring done
[72.166s] -- Generating done
[72.220s] -- Build files have been written to: /home/aeluro/training_ws/src/build/obstacle_detector
[72.422s] Invoked command in '/home/aeluro/training_ws/src/build/obstacle_detector' returned '0': CMAKE_PREFIX_PATH=${CMAKE_PREFIX_PATH}:/opt/ros/humble /usr/bin/cmake /home/aeluro/training_ws/src/software-training/obstacle_detector -DCMAKE_INSTALL_PREFIX=/home/aeluro/training_ws/src/install/obstacle_detector
[72.430s] Invoking command in '/home/aeluro/training_ws/src/build/obstacle_detector': CMAKE_PREFIX_PATH=${CMAKE_PREFIX_PATH}:/opt/ros/humble /usr/bin/cmake --build /home/aeluro/training_ws/src/build/obstacle_detector -- -j8 -l8
[79.077s] [ 20%] [32mBuilding CXX object CMakeFiles/obstacle_detector.dir/src/obstacle_detector.cpp.o[0m
[131.704s] [ 40%] [32mBuilding CXX object CMakeFiles/obstacle_detector.dir/src/student_functions.cpp.o[0m
[138.412s] [ 60%] [32m[1mLinking CXX shared library libobstacle_detector.so[0m
[139.980s] [ 60%] Built target obstacle_detector
[140.111s] [ 80%] [32mBuilding CXX object CMakeFiles/obstacle_detector_node.dir/rclcpp_components/node_main_obstacle_detector_node.cpp.o[0m
[150.761s] [100%] [32m[1mLinking CXX executable obstacle_detector_node[0m
[151.527s] [100%] Built target obstacle_detector_node
[151.564s] Invoked command in '/home/aeluro/training_ws/src/build/obstacle_detector' returned '0': CMAKE_PREFIX_PATH=${CMAKE_PREFIX_PATH}:/opt/ros/humble /usr/bin/cmake --build /home/aeluro/training_ws/src/build/obstacle_detector -- -j8 -l8
[151.659s] Invoking command in '/home/aeluro/training_ws/src/build/obstacle_detector': CMAKE_PREFIX_PATH=${CMAKE_PREFIX_PATH}:/opt/ros/humble /usr/bin/cmake --install /home/aeluro/training_ws/src/build/obstacle_detector
[151.692s] -- Install configuration: ""
[151.692s] -- Installing: /home/aeluro/training_ws/src/install/obstacle_detector/lib/obstacle_detector/obstacle_detector_node
[151.706s] -- Set runtime path of "/home/aeluro/training_ws/src/install/obstacle_detector/lib/obstacle_detector/obstacle_detector_node" to ""
[151.706s] -- Installing: /home/aeluro/training_ws/src/install/obstacle_detector/lib/libobstacle_detector.so
[151.720s] -- Set runtime path of "/home/aeluro/training_ws/src/install/obstacle_detector/lib/libobstacle_detector.so" to ""
[151.720s] -- Installing: /home/aeluro/training_ws/src/install/obstacle_detector/share/obstacle_detector/launch
[151.723s] -- Installing: /home/aeluro/training_ws/src/install/obstacle_detector/share/obstacle_detector/launch/obstacle_detector.launch.py
[151.734s] -- Installing: /home/aeluro/training_ws/src/install/obstacle_detector/share/obstacle_detector/config
[151.735s] -- Installing: /home/aeluro/training_ws/src/install/obstacle_detector/share/obstacle_detector/config/obstacle_detector_parameters.yaml
[151.741s] -- Installing: /home/aeluro/training_ws/src/install/obstacle_detector/share/ament_index/resource_index/package_run_dependencies/obstacle_detector
[151.745s] -- Installing: /home/aeluro/training_ws/src/install/obstacle_detector/share/ament_index/resource_index/parent_prefix_path/obstacle_detector
[151.752s] -- Installing: /home/aeluro/training_ws/src/install/obstacle_detector/share/obstacle_detector/environment/ament_prefix_path.sh
[151.752s] -- Installing: /home/aeluro/training_ws/src/install/obstacle_detector/share/obstacle_detector/environment/ament_prefix_path.dsv
[151.759s] -- Installing: /home/aeluro/training_ws/src/install/obstacle_detector/share/obstacle_detector/environment/path.sh
[151.759s] -- Installing: /home/aeluro/training_ws/src/install/obstacle_detector/share/obstacle_detector/environment/path.dsv
[151.760s] -- Installing: /home/aeluro/training_ws/src/install/obstacle_detector/share/obstacle_detector/local_setup.bash
[151.770s] -- Installing: /home/aeluro/training_ws/src/install/obstacle_detector/share/obstacle_detector/local_setup.sh
[151.770s] -- Installing: /home/aeluro/training_ws/src/install/obstacle_detector/share/obstacle_detector/local_setup.zsh
[151.772s] -- Installing: /home/aeluro/training_ws/src/install/obstacle_detector/share/obstacle_detector/local_setup.dsv
[151.774s] -- Installing: /home/aeluro/training_ws/src/install/obstacle_detector/share/obstacle_detector/package.dsv
[151.775s] -- Installing: /home/aeluro/training_ws/src/install/obstacle_detector/share/ament_index/resource_index/packages/obstacle_detector
[151.775s] -- Installing: /home/aeluro/training_ws/src/install/obstacle_detector/share/ament_index/resource_index/rclcpp_components/obstacle_detector
[151.786s] -- Installing: /home/aeluro/training_ws/src/install/obstacle_detector/share/obstacle_detector/cmake/obstacle_detectorConfig.cmake
[151.789s] -- Installing: /home/aeluro/training_ws/src/install/obstacle_detector/share/obstacle_detector/cmake/obstacle_detectorConfig-version.cmake
[151.789s] -- Installing: /home/aeluro/training_ws/src/install/obstacle_detector/share/obstacle_detector/package.xml
[151.798s] Invoked command in '/home/aeluro/training_ws/src/build/obstacle_detector' returned '0': CMAKE_PREFIX_PATH=${CMAKE_PREFIX_PATH}:/opt/ros/humble /usr/bin/cmake --install /home/aeluro/training_ws/src/build/obstacle_detector
