[0.177s] Invoking command in '/home/aeluro/training_ws/src/build/astar_path_planner': CMAKE_PREFIX_PATH=${CMAKE_PREFIX_PATH}:/opt/ros/humble /usr/bin/cmake /home/aeluro/training_ws/src/software-training/astar_path_planner -DCMAKE_INSTALL_PREFIX=/home/aeluro/training_ws/src/install/astar_path_planner
[1.061s] -- The C compiler identification is GNU 11.3.0
[4.764s] -- The CXX compiler identification is GNU 11.3.0
[9.894s] -- Detecting C compiler ABI info
[11.113s] -- Detecting C compiler ABI info - done
[11.143s] -- Check for working C compiler: /usr/bin/cc - skipped
[11.143s] -- Detecting C compile features
[11.144s] -- Detecting C compile features - done
[11.162s] -- Detecting CXX compiler ABI info
[11.962s] -- Detecting CXX compiler ABI info - done
[11.994s] -- Check for working CXX compiler: /usr/bin/c++ - skipped
[11.996s] -- Detecting CXX compile features
[11.999s] -- Detecting CXX compile features - done
[12.011s] -- Found ament_cmake: 1.3.3 (/opt/ros/humble/share/ament_cmake/cmake)
[12.703s] -- Found Python3: /usr/bin/python3.10 (found version "3.10.6") found components: Interpreter 
[13.376s] -- Found rclcpp: 16.0.3 (/opt/ros/humble/share/rclcpp/cmake)
[14.296s] -- Found rosidl_generator_c: 3.1.4 (/opt/ros/humble/share/rosidl_generator_c/cmake)
[14.324s] -- Found rosidl_adapter: 3.1.4 (/opt/ros/humble/share/rosidl_adapter/cmake)
[14.405s] -- Found rosidl_generator_cpp: 3.1.4 (/opt/ros/humble/share/rosidl_generator_cpp/cmake)
[14.596s] -- Using all available rosidl_typesupport_c: rosidl_typesupport_fastrtps_c;rosidl_typesupport_introspection_c
[14.736s] -- Using all available rosidl_typesupport_cpp: rosidl_typesupport_fastrtps_cpp;rosidl_typesupport_introspection_cpp
[15.080s] -- Found rmw_implementation_cmake: 6.1.1 (/opt/ros/humble/share/rmw_implementation_cmake/cmake)
[15.103s] -- Found rmw_fastrtps_cpp: 6.2.2 (/opt/ros/humble/share/rmw_fastrtps_cpp/cmake)
[18.302s] -- Found OpenSSL: /usr/lib/x86_64-linux-gnu/libcrypto.so (found version "3.0.2")  
[22.074s] -- Found FastRTPS: /opt/ros/humble/include  
[29.683s] -- Using RMW implementation 'rmw_fastrtps_cpp' as default
[29.750s] -- Looking for pthread.h
[31.062s] -- Looking for pthread.h - found
[31.063s] -- Performing Test CMAKE_HAVE_LIBC_PTHREAD
[33.135s] -- Performing Test CMAKE_HAVE_LIBC_PTHREAD - Success
[33.145s] -- Found Threads: TRUE  
[34.466s] -- Found nav2_core: 1.1.6 (/opt/ros/humble/share/nav2_core/cmake)
[40.582s] -- Found Eigen3: TRUE (found version "3.4.0") 
[40.582s] -- Ensuring Eigen3 include directory is part of orocos-kdl CMake target
[71.977s] -- Found tf2_eigen: 0.25.2 (/opt/ros/humble/share/tf2_eigen/cmake)
[75.433s] -- Found ament_lint_auto: 0.12.5 (/opt/ros/humble/share/ament_lint_auto/cmake)
[77.282s] -- Added test 'copyright' to check source files copyright and LICENSE
[77.561s] -- Added test 'cppcheck' to perform static code analysis on C / C++ code
[77.561s] -- Configured cppcheck include dirs: 
[77.561s] -- Configured cppcheck exclude dirs and/or files: 
[77.564s] -- Added test 'cpplint' to check C / C++ code against the Google style
[77.564s] -- Configured cpplint exclude dirs and/or files: 
[77.567s] -- Added test 'lint_cmake' to check CMake code style
[77.602s] -- Added test 'uncrustify' to check C / C++ code style
[77.602s] -- Configured uncrustify additional arguments: 
[77.607s] -- Added test 'xmllint' to check XML markup files
[77.785s] -- Configuring done
[78.891s] -- Generating done
[78.961s] -- Build files have been written to: /home/aeluro/training_ws/src/build/astar_path_planner
[79.185s] Invoked command in '/home/aeluro/training_ws/src/build/astar_path_planner' returned '0': CMAKE_PREFIX_PATH=${CMAKE_PREFIX_PATH}:/opt/ros/humble /usr/bin/cmake /home/aeluro/training_ws/src/software-training/astar_path_planner -DCMAKE_INSTALL_PREFIX=/home/aeluro/training_ws/src/install/astar_path_planner
[79.186s] Invoking command in '/home/aeluro/training_ws/src/build/astar_path_planner': CMAKE_PREFIX_PATH=${CMAKE_PREFIX_PATH}:/opt/ros/humble /usr/bin/cmake --build /home/aeluro/training_ws/src/build/astar_path_planner -- -j8 -l8
[85.303s] [ 25%] [32mBuilding CXX object CMakeFiles/astar_path_planner.dir/src/astar_path_planner_plugin.cpp.o[0m
[133.968s] [ 50%] [32mBuilding CXX object CMakeFiles/astar_path_planner.dir/src/utils.cpp.o[0m
[139.055s] [ 75%] [32mBuilding CXX object CMakeFiles/astar_path_planner.dir/src/astar_path_planner.cpp.o[0m
[156.203s] [100%] [32m[1mLinking CXX shared library libastar_path_planner.so[0m
[157.899s] [100%] Built target astar_path_planner
[157.937s] Invoked command in '/home/aeluro/training_ws/src/build/astar_path_planner' returned '0': CMAKE_PREFIX_PATH=${CMAKE_PREFIX_PATH}:/opt/ros/humble /usr/bin/cmake --build /home/aeluro/training_ws/src/build/astar_path_planner -- -j8 -l8
[158.054s] Invoking command in '/home/aeluro/training_ws/src/build/astar_path_planner': CMAKE_PREFIX_PATH=${CMAKE_PREFIX_PATH}:/opt/ros/humble /usr/bin/cmake --install /home/aeluro/training_ws/src/build/astar_path_planner
[158.071s] -- Install configuration: ""
[158.072s] -- Installing: /home/aeluro/training_ws/src/install/astar_path_planner/lib/libastar_path_planner.so
[158.083s] -- Set runtime path of "/home/aeluro/training_ws/src/install/astar_path_planner/lib/libastar_path_planner.so" to ""
[158.084s] -- Installing: /home/aeluro/training_ws/src/install/astar_path_planner/share/astar_path_planner/astar_path_planner_libraries.xml
[158.086s] -- Installing: /home/aeluro/training_ws/src/install/astar_path_planner/share/ament_index/resource_index/package_run_dependencies/astar_path_planner
[158.088s] -- Installing: /home/aeluro/training_ws/src/install/astar_path_planner/share/ament_index/resource_index/parent_prefix_path/astar_path_planner
[158.089s] -- Installing: /home/aeluro/training_ws/src/install/astar_path_planner/share/astar_path_planner/environment/ament_prefix_path.sh
[158.090s] -- Installing: /home/aeluro/training_ws/src/install/astar_path_planner/share/astar_path_planner/environment/ament_prefix_path.dsv
[158.091s] -- Installing: /home/aeluro/training_ws/src/install/astar_path_planner/share/astar_path_planner/environment/path.sh
[158.091s] -- Installing: /home/aeluro/training_ws/src/install/astar_path_planner/share/astar_path_planner/environment/path.dsv
[158.092s] -- Installing: /home/aeluro/training_ws/src/install/astar_path_planner/share/astar_path_planner/local_setup.bash
[158.092s] -- Installing: /home/aeluro/training_ws/src/install/astar_path_planner/share/astar_path_planner/local_setup.sh
[158.093s] -- Installing: /home/aeluro/training_ws/src/install/astar_path_planner/share/astar_path_planner/local_setup.zsh
[158.095s] -- Installing: /home/aeluro/training_ws/src/install/astar_path_planner/share/astar_path_planner/local_setup.dsv
[158.097s] -- Installing: /home/aeluro/training_ws/src/install/astar_path_planner/share/astar_path_planner/package.dsv
[158.098s] -- Installing: /home/aeluro/training_ws/src/install/astar_path_planner/share/ament_index/resource_index/packages/astar_path_planner
[158.099s] -- Installing: /home/aeluro/training_ws/src/install/astar_path_planner/share/ament_index/resource_index/nav2_core__pluginlib__plugin/astar_path_planner
[158.100s] -- Installing: /home/aeluro/training_ws/src/install/astar_path_planner/share/astar_path_planner/cmake/ament_cmake_export_include_directories-extras.cmake
[158.101s] -- Installing: /home/aeluro/training_ws/src/install/astar_path_planner/share/astar_path_planner/cmake/ament_cmake_export_dependencies-extras.cmake
[158.102s] -- Installing: /home/aeluro/training_ws/src/install/astar_path_planner/share/astar_path_planner/cmake/astar_path_plannerConfig.cmake
[158.103s] -- Installing: /home/aeluro/training_ws/src/install/astar_path_planner/share/astar_path_planner/cmake/astar_path_plannerConfig-version.cmake
[158.104s] -- Installing: /home/aeluro/training_ws/src/install/astar_path_planner/share/astar_path_planner/package.xml
[158.113s] Invoked command in '/home/aeluro/training_ws/src/build/astar_path_planner' returned '0': CMAKE_PREFIX_PATH=${CMAKE_PREFIX_PATH}:/opt/ros/humble /usr/bin/cmake --install /home/aeluro/training_ws/src/build/astar_path_planner
