[0.156s] Invoking command in '/home/aeluro/training_ws/src/build/mapping': CMAKE_PREFIX_PATH=${CMAKE_PREFIX_PATH}:/opt/ros/humble /usr/bin/cmake /home/aeluro/training_ws/src/software-training/mapping -DCMAKE_INSTALL_PREFIX=/home/aeluro/training_ws/src/install/mapping
[0.985s] -- The C compiler identification is GNU 11.3.0
[4.318s] -- The CXX compiler identification is GNU 11.3.0
[9.449s] -- Detecting C compiler ABI info
[10.817s] -- Detecting C compiler ABI info - done
[10.838s] -- Check for working C compiler: /usr/bin/cc - skipped
[10.838s] -- Detecting C compile features
[10.838s] -- Detecting C compile features - done
[10.855s] -- Detecting CXX compiler ABI info
[11.729s] -- Detecting CXX compiler ABI info - done
[11.759s] -- Check for working CXX compiler: /usr/bin/c++ - skipped
[11.760s] -- Detecting CXX compile features
[11.761s] -- Detecting CXX compile features - done
[11.817s] -- Found ament_cmake: 1.3.3 (/opt/ros/humble/share/ament_cmake/cmake)
[12.783s] -- Found Python3: /usr/bin/python3.10 (found version "3.10.6") found components: Interpreter 
[13.306s] -- Found rclcpp: 16.0.3 (/opt/ros/humble/share/rclcpp/cmake)
[14.221s] -- Found rosidl_generator_c: 3.1.4 (/opt/ros/humble/share/rosidl_generator_c/cmake)
[14.249s] -- Found rosidl_adapter: 3.1.4 (/opt/ros/humble/share/rosidl_adapter/cmake)
[14.319s] -- Found rosidl_generator_cpp: 3.1.4 (/opt/ros/humble/share/rosidl_generator_cpp/cmake)
[14.520s] -- Using all available rosidl_typesupport_c: rosidl_typesupport_fastrtps_c;rosidl_typesupport_introspection_c
[14.664s] -- Using all available rosidl_typesupport_cpp: rosidl_typesupport_fastrtps_cpp;rosidl_typesupport_introspection_cpp
[15.011s] -- Found rmw_implementation_cmake: 6.1.1 (/opt/ros/humble/share/rmw_implementation_cmake/cmake)
[15.029s] -- Found rmw_fastrtps_cpp: 6.2.2 (/opt/ros/humble/share/rmw_fastrtps_cpp/cmake)
[18.216s] -- Found OpenSSL: /usr/lib/x86_64-linux-gnu/libcrypto.so (found version "3.0.2")  
[22.457s] -- Found FastRTPS: /opt/ros/humble/include  
[41.065s] -- Using RMW implementation 'rmw_fastrtps_cpp' as default
[41.114s] -- Looking for pthread.h
[42.744s] -- Looking for pthread.h - found
[42.744s] -- Performing Test CMAKE_HAVE_LIBC_PTHREAD
[44.433s] -- Performing Test CMAKE_HAVE_LIBC_PTHREAD - Success
[44.433s] -- Found Threads: TRUE  
[45.093s] -- Found rclcpp_components: 16.0.3 (/opt/ros/humble/share/rclcpp_components/cmake)
[45.308s] -- Found geometry_msgs: 4.2.3 (/opt/ros/humble/share/geometry_msgs/cmake)
[45.440s] -- Found nav_msgs: 4.2.3 (/opt/ros/humble/share/nav_msgs/cmake)
[45.712s] -- Found tf2_ros: 0.25.2 (/opt/ros/humble/share/tf2_ros/cmake)
[46.610s] -- Found tf2_geometry_msgs: 0.25.2 (/opt/ros/humble/share/tf2_geometry_msgs/cmake)
[46.960s] -- Found eigen3_cmake_module: 0.1.1 (/opt/ros/humble/share/eigen3_cmake_module/cmake)
[46.960s] -- Found Eigen3: TRUE (found version "3.4.0") 
[46.961s] -- Ensuring Eigen3 include directory is part of orocos-kdl CMake target
[47.027s] -- Found ament_lint_auto: 0.12.5 (/opt/ros/humble/share/ament_lint_auto/cmake)
[47.327s] -- Added test 'copyright' to check source files copyright and LICENSE
[47.334s] -- Added test 'cppcheck' to perform static code analysis on C / C++ code
[47.341s] -- Configured cppcheck include dirs: 
[47.342s] -- Configured cppcheck exclude dirs and/or files: 
[47.343s] -- Added test 'lint_cmake' to check CMake code style
[47.345s] -- Added test 'uncrustify' to check C / C++ code style
[47.345s] -- Configured uncrustify additional arguments: 
[47.347s] -- Added test 'xmllint' to check XML markup files
[47.359s] -- Configuring done
[47.425s] -- Generating done
[47.434s] -- Build files have been written to: /home/aeluro/training_ws/src/build/mapping
[47.462s] Invoked command in '/home/aeluro/training_ws/src/build/mapping' returned '0': CMAKE_PREFIX_PATH=${CMAKE_PREFIX_PATH}:/opt/ros/humble /usr/bin/cmake /home/aeluro/training_ws/src/software-training/mapping -DCMAKE_INSTALL_PREFIX=/home/aeluro/training_ws/src/install/mapping
[47.473s] Invoking command in '/home/aeluro/training_ws/src/build/mapping': CMAKE_PREFIX_PATH=${CMAKE_PREFIX_PATH}:/opt/ros/humble /usr/bin/cmake --build /home/aeluro/training_ws/src/build/mapping -- -j8 -l8
[49.455s] [ 25%] [32mBuilding CXX object CMakeFiles/mapping.dir/src/mapping_node.cpp.o[0m
[49.455s] [ 50%] [32mBuilding CXX object CMakeFiles/mapping_node.dir/rclcpp_components/node_main_mapping_node.cpp.o[0m
[89.594s] [ 75%] [32m[1mLinking CXX executable mapping_node[0m
[91.482s] [ 75%] Built target mapping_node
[100.493s] [100%] [32m[1mLinking CXX shared library libmapping.so[0m
[102.165s] [100%] Built target mapping
[102.312s] Invoked command in '/home/aeluro/training_ws/src/build/mapping' returned '0': CMAKE_PREFIX_PATH=${CMAKE_PREFIX_PATH}:/opt/ros/humble /usr/bin/cmake --build /home/aeluro/training_ws/src/build/mapping -- -j8 -l8
[102.872s] Invoking command in '/home/aeluro/training_ws/src/build/mapping': CMAKE_PREFIX_PATH=${CMAKE_PREFIX_PATH}:/opt/ros/humble /usr/bin/cmake --install /home/aeluro/training_ws/src/build/mapping
[139.452s] -- Install configuration: ""
[139.453s] -- Installing: /home/aeluro/training_ws/src/install/mapping/lib/mapping/mapping_node
[139.457s] -- Set runtime path of "/home/aeluro/training_ws/src/install/mapping/lib/mapping/mapping_node" to ""
[139.457s] -- Installing: /home/aeluro/training_ws/src/install/mapping/lib/libmapping.so
[139.457s] -- Set runtime path of "/home/aeluro/training_ws/src/install/mapping/lib/libmapping.so" to ""
[139.457s] -- Installing: /home/aeluro/training_ws/src/install/mapping/share/mapping/launch
[139.457s] -- Installing: /home/aeluro/training_ws/src/install/mapping/share/mapping/launch/mapping.launch.xml
[139.458s] -- Installing: /home/aeluro/training_ws/src/install/mapping/share/ament_index/resource_index/package_run_dependencies/mapping
[139.464s] -- Installing: /home/aeluro/training_ws/src/install/mapping/share/ament_index/resource_index/parent_prefix_path/mapping
[139.464s] -- Installing: /home/aeluro/training_ws/src/install/mapping/share/mapping/environment/ament_prefix_path.sh
[139.464s] -- Installing: /home/aeluro/training_ws/src/install/mapping/share/mapping/environment/ament_prefix_path.dsv
[139.464s] -- Installing: /home/aeluro/training_ws/src/install/mapping/share/mapping/environment/path.sh
[139.465s] -- Installing: /home/aeluro/training_ws/src/install/mapping/share/mapping/environment/path.dsv
[139.465s] -- Installing: /home/aeluro/training_ws/src/install/mapping/share/mapping/local_setup.bash
[139.465s] -- Installing: /home/aeluro/training_ws/src/install/mapping/share/mapping/local_setup.sh
[139.465s] -- Installing: /home/aeluro/training_ws/src/install/mapping/share/mapping/local_setup.zsh
[139.465s] -- Installing: /home/aeluro/training_ws/src/install/mapping/share/mapping/local_setup.dsv
[139.465s] -- Installing: /home/aeluro/training_ws/src/install/mapping/share/mapping/package.dsv
[139.466s] -- Installing: /home/aeluro/training_ws/src/install/mapping/share/ament_index/resource_index/packages/mapping
[139.466s] -- Installing: /home/aeluro/training_ws/src/install/mapping/share/ament_index/resource_index/rclcpp_components/mapping
[139.466s] -- Installing: /home/aeluro/training_ws/src/install/mapping/share/mapping/cmake/mappingConfig.cmake
[139.466s] -- Installing: /home/aeluro/training_ws/src/install/mapping/share/mapping/cmake/mappingConfig-version.cmake
[139.466s] -- Installing: /home/aeluro/training_ws/src/install/mapping/share/mapping/package.xml
[139.504s] Invoked command in '/home/aeluro/training_ws/src/build/mapping' returned '0': CMAKE_PREFIX_PATH=${CMAKE_PREFIX_PATH}:/opt/ros/humble /usr/bin/cmake --install /home/aeluro/training_ws/src/build/mapping
