[0.157s] Invoking command in '/home/aeluro/training_ws/src/build/localization': CMAKE_PREFIX_PATH=${CMAKE_PREFIX_PATH}:/opt/ros/humble /usr/bin/cmake /home/aeluro/training_ws/src/software-training/localization -DCMAKE_INSTALL_PREFIX=/home/aeluro/training_ws/src/install/localization
[0.998s] -- The C compiler identification is GNU 11.3.0
[4.170s] -- The CXX compiler identification is GNU 11.3.0
[8.843s] -- Detecting C compiler ABI info
[10.416s] -- Detecting C compiler ABI info - done
[10.449s] -- Check for working C compiler: /usr/bin/cc - skipped
[10.454s] -- Detecting C compile features
[10.465s] -- Detecting C compile features - done
[10.493s] -- Detecting CXX compiler ABI info
[11.543s] -- Detecting CXX compiler ABI info - done
[11.571s] -- Check for working CXX compiler: /usr/bin/c++ - skipped
[11.572s] -- Detecting CXX compile features
[11.572s] -- Detecting CXX compile features - done
[11.828s] -- Found ament_cmake: 1.3.3 (/opt/ros/humble/share/ament_cmake/cmake)
[12.644s] -- Found Python3: /usr/bin/python3.10 (found version "3.10.6") found components: Interpreter 
[13.317s] -- Found rclcpp: 16.0.3 (/opt/ros/humble/share/rclcpp/cmake)
[14.234s] -- Found rosidl_generator_c: 3.1.4 (/opt/ros/humble/share/rosidl_generator_c/cmake)
[14.261s] -- Found rosidl_adapter: 3.1.4 (/opt/ros/humble/share/rosidl_adapter/cmake)
[14.341s] -- Found rosidl_generator_cpp: 3.1.4 (/opt/ros/humble/share/rosidl_generator_cpp/cmake)
[14.533s] -- Using all available rosidl_typesupport_c: rosidl_typesupport_fastrtps_c;rosidl_typesupport_introspection_c
[14.678s] -- Using all available rosidl_typesupport_cpp: rosidl_typesupport_fastrtps_cpp;rosidl_typesupport_introspection_cpp
[15.017s] -- Found rmw_implementation_cmake: 6.1.1 (/opt/ros/humble/share/rmw_implementation_cmake/cmake)
[15.041s] -- Found rmw_fastrtps_cpp: 6.2.2 (/opt/ros/humble/share/rmw_fastrtps_cpp/cmake)
[18.620s] -- Found OpenSSL: /usr/lib/x86_64-linux-gnu/libcrypto.so (found version "3.0.2")  
[25.566s] -- Found FastRTPS: /opt/ros/humble/include  
[41.153s] -- Using RMW implementation 'rmw_fastrtps_cpp' as default
[41.217s] -- Looking for pthread.h
[43.159s] -- Looking for pthread.h - found
[43.163s] -- Performing Test CMAKE_HAVE_LIBC_PTHREAD
[44.825s] -- Performing Test CMAKE_HAVE_LIBC_PTHREAD - Success
[44.826s] -- Found Threads: TRUE  
[45.428s] -- Found rclcpp_components: 16.0.3 (/opt/ros/humble/share/rclcpp_components/cmake)
[45.658s] -- Found stsl_interfaces: 0.1.0 (/opt/ros/humble/share/stsl_interfaces/cmake)
[46.259s] -- Found sensor_msgs: 4.2.3 (/opt/ros/humble/share/sensor_msgs/cmake)
[46.595s] -- Found visualization_msgs: 4.2.3 (/opt/ros/humble/share/visualization_msgs/cmake)
[47.099s] -- Found nav_msgs: 4.2.3 (/opt/ros/humble/share/nav_msgs/cmake)
[47.435s] -- Found tf2_ros: 0.25.2 (/opt/ros/humble/share/tf2_ros/cmake)
[48.159s] -- Found tf2_geometry_msgs: 0.25.2 (/opt/ros/humble/share/tf2_geometry_msgs/cmake)
[48.681s] -- Found eigen3_cmake_module: 0.1.1 (/opt/ros/humble/share/eigen3_cmake_module/cmake)
[48.684s] -- Found Eigen3: TRUE (found version "3.4.0") 
[48.685s] -- Ensuring Eigen3 include directory is part of orocos-kdl CMake target
[48.741s] -- Found angles: 1.15.0 (/opt/ros/humble/share/angles/cmake)
[48.791s] -- Found ament_lint_auto: 0.12.5 (/opt/ros/humble/share/ament_lint_auto/cmake)
[49.187s] -- Added test 'copyright' to check source files copyright and LICENSE
[49.193s] -- Added test 'cppcheck' to perform static code analysis on C / C++ code
[49.194s] -- Configured cppcheck include dirs: 
[49.195s] -- Configured cppcheck exclude dirs and/or files: 
[49.199s] -- Added test 'cpplint' to check C / C++ code against the Google style
[49.199s] -- Configured cpplint exclude dirs and/or files: 
[49.205s] -- Added test 'flake8' to check Python code syntax and style conventions
[49.211s] -- Added test 'lint_cmake' to check CMake code style
[49.214s] -- Added test 'pep257' to check Python code against some of the docstring style conventions in PEP 257
[49.219s] -- Added test 'uncrustify' to check C / C++ code style
[49.219s] -- Configured uncrustify additional arguments: 
[49.231s] -- Added test 'xmllint' to check XML markup files
[49.249s] -- Configuring done
[49.398s] -- Generating done
[49.414s] -- Build files have been written to: /home/aeluro/training_ws/src/build/localization
[49.493s] Invoked command in '/home/aeluro/training_ws/src/build/localization' returned '0': CMAKE_PREFIX_PATH=${CMAKE_PREFIX_PATH}:/opt/ros/humble /usr/bin/cmake /home/aeluro/training_ws/src/software-training/localization -DCMAKE_INSTALL_PREFIX=/home/aeluro/training_ws/src/install/localization
[49.494s] Invoking command in '/home/aeluro/training_ws/src/build/localization': CMAKE_PREFIX_PATH=${CMAKE_PREFIX_PATH}:/opt/ros/humble /usr/bin/cmake --build /home/aeluro/training_ws/src/build/localization -- -j8 -l8
[72.462s] [ 12%] [32mBuilding CXX object CMakeFiles/localization_node.dir/rclcpp_components/node_main_localization_node.cpp.o[0m
[72.465s] [ 25%] [32mBuilding CXX object CMakeFiles/localization_component.dir/src/motion_model.cpp.o[0m
[72.465s] [ 37%] [32mBuilding CXX object CMakeFiles/localization_component.dir/src/aruco_sensor_model.cpp.o[0m
[72.466s] [ 50%] [32mBuilding CXX object CMakeFiles/localization_component.dir/src/random_helpers.cpp.o[0m
[72.466s] [ 62%] [32mBuilding CXX object CMakeFiles/localization_component.dir/src/particle_filter_localizer.cpp.o[0m
[72.466s] [ 75%] [32mBuilding CXX object CMakeFiles/localization_component.dir/src/odometry_sensor_model.cpp.o[0m
[96.719s] [ 87%] [32m[1mLinking CXX executable localization_node[0m
[98.550s] [ 87%] Built target localization_node
[134.900s] [100%] [32m[1mLinking CXX shared library liblocalization_component.so[0m
[139.416s] [100%] Built target localization_component
[139.503s] Invoked command in '/home/aeluro/training_ws/src/build/localization' returned '0': CMAKE_PREFIX_PATH=${CMAKE_PREFIX_PATH}:/opt/ros/humble /usr/bin/cmake --build /home/aeluro/training_ws/src/build/localization -- -j8 -l8
[139.701s] Invoking command in '/home/aeluro/training_ws/src/build/localization': CMAKE_PREFIX_PATH=${CMAKE_PREFIX_PATH}:/opt/ros/humble /usr/bin/cmake --install /home/aeluro/training_ws/src/build/localization
[139.719s] -- Install configuration: ""
[139.719s] -- Installing: /home/aeluro/training_ws/src/install/localization/lib/localization/localization_node
[139.729s] -- Set runtime path of "/home/aeluro/training_ws/src/install/localization/lib/localization/localization_node" to ""
[139.730s] -- Installing: /home/aeluro/training_ws/src/install/localization/lib/liblocalization_component.so
[139.782s] -- Set runtime path of "/home/aeluro/training_ws/src/install/localization/lib/liblocalization_component.so" to ""
[139.785s] -- Installing: /home/aeluro/training_ws/src/install/localization/share/localization/launch
[139.788s] -- Installing: /home/aeluro/training_ws/src/install/localization/share/localization/launch/particle_filter_localizer.launch.py
[139.804s] -- Installing: /home/aeluro/training_ws/src/install/localization/share/localization/config
[139.805s] -- Installing: /home/aeluro/training_ws/src/install/localization/share/localization/config/localizer_params.yaml
[139.833s] -- Installing: /home/aeluro/training_ws/src/install/localization/share/ament_index/resource_index/package_run_dependencies/localization
[139.898s] -- Installing: /home/aeluro/training_ws/src/install/localization/share/ament_index/resource_index/parent_prefix_path/localization
[139.908s] -- Installing: /home/aeluro/training_ws/src/install/localization/share/localization/environment/ament_prefix_path.sh
[139.909s] -- Installing: /home/aeluro/training_ws/src/install/localization/share/localization/environment/ament_prefix_path.dsv
[139.914s] -- Installing: /home/aeluro/training_ws/src/install/localization/share/localization/environment/path.sh
[139.915s] -- Installing: /home/aeluro/training_ws/src/install/localization/share/localization/environment/path.dsv
[139.918s] -- Installing: /home/aeluro/training_ws/src/install/localization/share/localization/local_setup.bash
[139.924s] -- Installing: /home/aeluro/training_ws/src/install/localization/share/localization/local_setup.sh
[139.925s] -- Installing: /home/aeluro/training_ws/src/install/localization/share/localization/local_setup.zsh
[139.925s] -- Installing: /home/aeluro/training_ws/src/install/localization/share/localization/local_setup.dsv
[139.925s] -- Installing: /home/aeluro/training_ws/src/install/localization/share/localization/package.dsv
[139.932s] -- Installing: /home/aeluro/training_ws/src/install/localization/share/ament_index/resource_index/packages/localization
[139.935s] -- Installing: /home/aeluro/training_ws/src/install/localization/share/ament_index/resource_index/rclcpp_components/localization
[139.937s] -- Installing: /home/aeluro/training_ws/src/install/localization/share/localization/cmake/localizationConfig.cmake
[139.938s] -- Installing: /home/aeluro/training_ws/src/install/localization/share/localization/cmake/localizationConfig-version.cmake
[139.939s] -- Installing: /home/aeluro/training_ws/src/install/localization/share/localization/package.xml
[139.999s] Invoked command in '/home/aeluro/training_ws/src/build/localization' returned '0': CMAKE_PREFIX_PATH=${CMAKE_PREFIX_PATH}:/opt/ros/humble /usr/bin/cmake --install /home/aeluro/training_ws/src/build/localization
