[0.184s] Invoking command in '/home/aeluro/training_ws/src/build/controllers': CMAKE_PREFIX_PATH=${CMAKE_PREFIX_PATH}:/opt/ros/humble /usr/bin/cmake --build /home/aeluro/training_ws/src/build/controllers -- -j8 -l8
[0.551s] [35m[1mConsolidate compiler generated dependencies of target controllers[0m
[0.742s] [100%] Built target controllers
[0.820s] Invoked command in '/home/aeluro/training_ws/src/build/controllers' returned '0': CMAKE_PREFIX_PATH=${CMAKE_PREFIX_PATH}:/opt/ros/humble /usr/bin/cmake --build /home/aeluro/training_ws/src/build/controllers -- -j8 -l8
[1.117s] Invoking command in '/home/aeluro/training_ws/src/build/controllers': CMAKE_PREFIX_PATH=${CMAKE_PREFIX_PATH}:/opt/ros/humble /usr/bin/cmake --install /home/aeluro/training_ws/src/build/controllers
[1.177s] -- Install configuration: ""
[1.177s] -- Up-to-date: /home/aeluro/training_ws/src/install/controllers/lib/libcontrollers.so
[1.177s] -- Up-to-date: /home/aeluro/training_ws/src/install/controllers/share/controllers/plugin_descriptions.xml
[1.177s] -- Up-to-date: /home/aeluro/training_ws/src/install/controllers/share/ament_index/resource_index/package_run_dependencies/controllers
[1.178s] -- Up-to-date: /home/aeluro/training_ws/src/install/controllers/share/ament_index/resource_index/parent_prefix_path/controllers
[1.178s] -- Up-to-date: /home/aeluro/training_ws/src/install/controllers/share/controllers/environment/ament_prefix_path.sh
[1.178s] -- Up-to-date: /home/aeluro/training_ws/src/install/controllers/share/controllers/environment/ament_prefix_path.dsv
[1.178s] -- Up-to-date: /home/aeluro/training_ws/src/install/controllers/share/controllers/environment/path.sh
[1.178s] -- Up-to-date: /home/aeluro/training_ws/src/install/controllers/share/controllers/environment/path.dsv
[1.179s] -- Up-to-date: /home/aeluro/training_ws/src/install/controllers/share/controllers/local_setup.bash
[1.180s] -- Up-to-date: /home/aeluro/training_ws/src/install/controllers/share/controllers/local_setup.sh
[1.180s] -- Up-to-date: /home/aeluro/training_ws/src/install/controllers/share/controllers/local_setup.zsh
[1.180s] -- Up-to-date: /home/aeluro/training_ws/src/install/controllers/share/controllers/local_setup.dsv
[1.180s] -- Installing: /home/aeluro/training_ws/src/install/controllers/share/controllers/package.dsv
[1.181s] -- Up-to-date: /home/aeluro/training_ws/src/install/controllers/share/ament_index/resource_index/packages/controllers
[1.181s] -- Up-to-date: /home/aeluro/training_ws/src/install/controllers/share/ament_index/resource_index/nav2_core__pluginlib__plugin/controllers
[1.181s] -- Up-to-date: /home/aeluro/training_ws/src/install/controllers/share/controllers/cmake/controllersConfig.cmake
[1.181s] -- Up-to-date: /home/aeluro/training_ws/src/install/controllers/share/controllers/cmake/controllersConfig-version.cmake
[1.181s] -- Up-to-date: /home/aeluro/training_ws/src/install/controllers/share/controllers/package.xml
[1.288s] Invoked command in '/home/aeluro/training_ws/src/build/controllers' returned '0': CMAKE_PREFIX_PATH=${CMAKE_PREFIX_PATH}:/opt/ros/humble /usr/bin/cmake --install /home/aeluro/training_ws/src/build/controllers
